# Домашнее задание к занятию «Индексы»

### Задание 1

![1](https://github.com/Niko1a/lebedev/assets/110035244/dad003df-4e6d-4be7-9c03-ac941a3770da)


### Задание 2

Запустим оператор explain analyze для оригинальной версии кода запроса:

![2](https://github.com/Niko1a/lebedev/assets/110035244/9b244e57-cb00-4ed6-bc6d-9f3710fe8446)


Создание индекса idx_payment_date:

    CREATE INDEX idx_payment_date ON payment (payment_date);
    
    explain analyze
    select distinct concat(c.last_name, ' ', c.first_name) as 'Клиент', 
           sum(p.amount) as 'Сумма платежей'
           -- c.customer_id, f.title, p.amount 
    from payment p inner join 
         rental r on p.rental_id = r.rental_id 
         inner join customer c on r.customer_id = c.customer_id
         inner join inventory i on r.inventory_id = i.inventory_id
    where payment_date >= '2005-07-30' and payment_date < DATE_ADD('2005-07-30', INTERVAL 1 DAY)
    group by concat(c.last_name, ' ', c.first_name);

Результаты запроса explain analyze, на которых видно, что индекс **idx_payment_date" используется:

    -> Index range scan on p using idx_payment_date over ('2005-07-30 00:00:00' <= payment_date < '2005-07-31 00:00:00'), with index condition: ((p.payment_date >= TIMESTAMP'2005-07-30 00:00:00') and (p.payment_date < <cache>(('2005-07-30' + interval 1 day))))  (cost=286 rows=634) (actual time=0.0317..1.81 rows=634 loops=1)
